#! /usr/bin/vvp
:ivl_version "12.0 (stable)";
:ivl_delay_selection "TYPICAL";
:vpi_time_precision - 12;
:vpi_module "/usr/lib/x86_64-linux-gnu/ivl/system.vpi";
:vpi_module "/usr/lib/x86_64-linux-gnu/ivl/vhdl_sys.vpi";
:vpi_module "/usr/lib/x86_64-linux-gnu/ivl/vhdl_textio.vpi";
:vpi_module "/usr/lib/x86_64-linux-gnu/ivl/v2005_math.vpi";
:vpi_module "/usr/lib/x86_64-linux-gnu/ivl/va_math.vpi";
S_0x6085b408ed90 .scope module, "LCD1602_controller_TB" "LCD1602_controller_TB" 2 4;
 .timescale -9 -12;
v0x6085b40ab920_0 .var "clk", 0 0;
v0x6085b40ab9e0_0 .var "ready_i", 0 0;
v0x6085b40aba80_0 .var "rst", 0 0;
S_0x6085b408ef20 .scope begin, "TEST_CASE" "TEST_CASE" 2 25, 2 25 0, S_0x6085b408ed90;
 .timescale -9 -12;
S_0x6085b4046490 .scope module, "uut" "LCD1602_controller" 2 9, 3 1 0, S_0x6085b408ed90;
 .timescale -9 -12;
    .port_info 0 /INPUT 1 "clk";
    .port_info 1 /INPUT 1 "reset";
    .port_info 2 /INPUT 1 "ready_i";
    .port_info 3 /OUTPUT 1 "rs";
    .port_info 4 /OUTPUT 1 "rw";
    .port_info 5 /OUTPUT 1 "enable";
    .port_info 6 /OUTPUT 8 "data";
P_0x6085b40777b0 .param/l "CLEAR_DISPLAY" 1 3 27, C4<00000001>;
P_0x6085b40777f0 .param/l "CONFIG_CMD1" 1 3 17, C4<001>;
P_0x6085b4077830 .param/l "CONFIG_CMD2" 1 3 19, C4<011>;
P_0x6085b4077870 .param/l "COUNT_MAX" 0 3 5, +C4<00000000000000000000000000110010>;
P_0x6085b40778b0 .param/l "DATA_BITS" 0 3 4, +C4<00000000000000000000000000001000>;
P_0x6085b40778f0 .param/l "DISPON_CURSORBLINK" 1 3 30, C4<00001110>;
P_0x6085b4077930 .param/l "DISPON_CURSOROFF" 1 3 29, C4<00001100>;
P_0x6085b4077970 .param/l "IDLE" 1 3 16, C4<000>;
P_0x6085b40779b0 .param/l "LINES2_MATRIX5x8_MODE8bit" 1 3 31, C4<00111000>;
P_0x6085b40779f0 .param/l "NUM_COMMANDS" 0 3 1, +C4<00000000000000000000000000000100>;
P_0x6085b4077a30 .param/l "NUM_DATA_ALL" 0 3 2, +C4<00000000000000000000000000100000>;
P_0x6085b4077a70 .param/l "NUM_DATA_PERLINE" 0 3 3, +C4<00000000000000000000000000010000>;
P_0x6085b4077ab0 .param/l "SHIFT_CURSOR_RIGHT" 1 3 28, C4<00000110>;
P_0x6085b4077af0 .param/l "START_2LINE" 1 3 32, C4<11000000>;
P_0x6085b4077b30 .param/l "WR_STATIC_TEXT_1L" 1 3 18, C4<010>;
P_0x6085b4077b70 .param/l "WR_STATIC_TEXT_2L" 1 3 20, C4<100>;
L_0x6085b4071ac0 .functor BUFZ 1, v0x6085b40aacd0_0, C4<0>, C4<0>, C4<0>;
v0x6085b4071be0_0 .net "clk", 0 0, v0x6085b40ab920_0;  1 drivers
v0x6085b40aacd0_0 .var "clk_16ms", 0 0;
v0x6085b40aad90_0 .var "clk_counter", 5 0;
v0x6085b40aae50_0 .var "command_counter", 2 0;
v0x6085b40aaf30 .array "config_mem", 3 0, 7 0;
v0x6085b40ab040_0 .var "data", 7 0;
v0x6085b40ab120_0 .var "data_counter", 4 0;
v0x6085b40ab200_0 .net "enable", 0 0, L_0x6085b4071ac0;  1 drivers
v0x6085b40ab2c0_0 .var "fsm_state", 2 0;
v0x6085b40ab3a0_0 .var "next_state", 2 0;
v0x6085b40ab480_0 .net "ready_i", 0 0, v0x6085b40ab9e0_0;  1 drivers
v0x6085b40ab540_0 .net "reset", 0 0, v0x6085b40aba80_0;  1 drivers
v0x6085b40ab600_0 .var "rs", 0 0;
v0x6085b40ab6c0_0 .var "rw", 0 0;
v0x6085b40ab780 .array "static_data_mem", 31 0, 7 0;
E_0x6085b4082fb0 .event posedge, v0x6085b40aacd0_0;
E_0x6085b40803f0 .event anyedge, v0x6085b40ab2c0_0, v0x6085b40ab480_0, v0x6085b40aae50_0, v0x6085b40ab120_0;
E_0x6085b406a1b0 .event posedge, v0x6085b4071be0_0;
    .scope S_0x6085b4046490;
T_0 ;
    %pushi/vec4 0, 0, 3;
    %assign/vec4 v0x6085b40ab2c0_0, 0;
    %pushi/vec4 0, 0, 3;
    %assign/vec4 v0x6085b40aae50_0, 0;
    %pushi/vec4 0, 0, 5;
    %assign/vec4 v0x6085b40ab120_0, 0;
    %pushi/vec4 0, 0, 1;
    %assign/vec4 v0x6085b40ab600_0, 0;
    %pushi/vec4 0, 0, 1;
    %assign/vec4 v0x6085b40ab6c0_0, 0;
    %pushi/vec4 0, 0, 8;
    %assign/vec4 v0x6085b40ab040_0, 0;
    %pushi/vec4 0, 0, 1;
    %assign/vec4 v0x6085b40aacd0_0, 0;
    %pushi/vec4 0, 0, 6;
    %assign/vec4 v0x6085b40aad90_0, 0;
    %vpi_call 3 54 "$readmemh", "path_to_txt.txt", v0x6085b40ab780 {0 0 0};
    %pushi/vec4 56, 0, 8;
    %ix/load 3, 0, 0;
    %flag_set/imm 4, 0;
    %ix/load 4, 0, 0; Constant delay
    %assign/vec4/a/d v0x6085b40aaf30, 0, 4;
    %pushi/vec4 6, 0, 8;
    %ix/load 3, 1, 0;
    %flag_set/imm 4, 0;
    %ix/load 4, 0, 0; Constant delay
    %assign/vec4/a/d v0x6085b40aaf30, 0, 4;
    %pushi/vec4 12, 0, 8;
    %ix/load 3, 2, 0;
    %flag_set/imm 4, 0;
    %ix/load 4, 0, 0; Constant delay
    %assign/vec4/a/d v0x6085b40aaf30, 0, 4;
    %pushi/vec4 1, 0, 8;
    %ix/load 3, 3, 0;
    %flag_set/imm 4, 0;
    %ix/load 4, 0, 0; Constant delay
    %assign/vec4/a/d v0x6085b40aaf30, 0, 4;
    %end;
    .thread T_0;
    .scope S_0x6085b4046490;
T_1 ;
    %wait E_0x6085b406a1b0;
    %load/vec4 v0x6085b40aad90_0;
    %pad/u 32;
    %cmpi/e 49, 0, 32;
    %jmp/0xz  T_1.0, 4;
    %load/vec4 v0x6085b40aacd0_0;
    %inv;
    %assign/vec4 v0x6085b40aacd0_0, 0;
    %pushi/vec4 0, 0, 6;
    %assign/vec4 v0x6085b40aad90_0, 0;
    %jmp T_1.1;
T_1.0 ;
    %load/vec4 v0x6085b40aad90_0;
    %addi 1, 0, 6;
    %assign/vec4 v0x6085b40aad90_0, 0;
T_1.1 ;
    %jmp T_1;
    .thread T_1;
    .scope S_0x6085b4046490;
T_2 ;
    %wait E_0x6085b4082fb0;
    %load/vec4 v0x6085b40ab540_0;
    %pad/u 32;
    %cmpi/e 0, 0, 32;
    %jmp/0xz  T_2.0, 4;
    %pushi/vec4 0, 0, 3;
    %assign/vec4 v0x6085b40ab2c0_0, 0;
    %jmp T_2.1;
T_2.0 ;
    %load/vec4 v0x6085b40ab3a0_0;
    %assign/vec4 v0x6085b40ab2c0_0, 0;
T_2.1 ;
    %jmp T_2;
    .thread T_2;
    .scope S_0x6085b4046490;
T_3 ;
    %wait E_0x6085b40803f0;
    %load/vec4 v0x6085b40ab2c0_0;
    %dup/vec4;
    %pushi/vec4 0, 0, 3;
    %cmp/u;
    %jmp/1 T_3.0, 6;
    %dup/vec4;
    %pushi/vec4 1, 0, 3;
    %cmp/u;
    %jmp/1 T_3.1, 6;
    %dup/vec4;
    %pushi/vec4 2, 0, 3;
    %cmp/u;
    %jmp/1 T_3.2, 6;
    %dup/vec4;
    %pushi/vec4 3, 0, 3;
    %cmp/u;
    %jmp/1 T_3.3, 6;
    %dup/vec4;
    %pushi/vec4 4, 0, 3;
    %cmp/u;
    %jmp/1 T_3.4, 6;
    %pushi/vec4 0, 0, 3;
    %store/vec4 v0x6085b40ab3a0_0, 0, 3;
    %jmp T_3.6;
T_3.0 ;
    %load/vec4 v0x6085b40ab480_0;
    %flag_set/vec4 8;
    %jmp/0 T_3.7, 8;
    %pushi/vec4 1, 0, 3;
    %jmp/1 T_3.8, 8;
T_3.7 ; End of true expr.
    %pushi/vec4 0, 0, 3;
    %jmp/0 T_3.8, 8;
 ; End of false expr.
    %blend;
T_3.8;
    %assign/vec4 v0x6085b40ab3a0_0, 0;
    %jmp T_3.6;
T_3.1 ;
    %load/vec4 v0x6085b40aae50_0;
    %pad/u 32;
    %cmpi/e 4, 0, 32;
    %flag_mov 8, 4;
    %jmp/0 T_3.9, 8;
    %pushi/vec4 2, 0, 3;
    %jmp/1 T_3.10, 8;
T_3.9 ; End of true expr.
    %pushi/vec4 1, 0, 3;
    %jmp/0 T_3.10, 8;
 ; End of false expr.
    %blend;
T_3.10;
    %assign/vec4 v0x6085b40ab3a0_0, 0;
    %jmp T_3.6;
T_3.2 ;
    %load/vec4 v0x6085b40ab120_0;
    %pad/u 32;
    %cmpi/e 16, 0, 32;
    %flag_mov 8, 4;
    %jmp/0 T_3.11, 8;
    %pushi/vec4 3, 0, 3;
    %jmp/1 T_3.12, 8;
T_3.11 ; End of true expr.
    %pushi/vec4 2, 0, 3;
    %jmp/0 T_3.12, 8;
 ; End of false expr.
    %blend;
T_3.12;
    %assign/vec4 v0x6085b40ab3a0_0, 0;
    %jmp T_3.6;
T_3.3 ;
    %pushi/vec4 4, 0, 3;
    %assign/vec4 v0x6085b40ab3a0_0, 0;
    %jmp T_3.6;
T_3.4 ;
    %load/vec4 v0x6085b40ab120_0;
    %pad/u 32;
    %cmpi/e 16, 0, 32;
    %flag_mov 8, 4;
    %jmp/0 T_3.13, 8;
    %pushi/vec4 0, 0, 3;
    %jmp/1 T_3.14, 8;
T_3.13 ; End of true expr.
    %pushi/vec4 4, 0, 3;
    %jmp/0 T_3.14, 8;
 ; End of false expr.
    %blend;
T_3.14;
    %assign/vec4 v0x6085b40ab3a0_0, 0;
    %jmp T_3.6;
T_3.6 ;
    %pop/vec4 1;
    %jmp T_3;
    .thread T_3, $push;
    .scope S_0x6085b4046490;
T_4 ;
    %wait E_0x6085b4082fb0;
    %load/vec4 v0x6085b40ab540_0;
    %pad/u 32;
    %cmpi/e 0, 0, 32;
    %jmp/0xz  T_4.0, 4;
    %pushi/vec4 0, 0, 3;
    %assign/vec4 v0x6085b40aae50_0, 0;
    %pushi/vec4 0, 0, 5;
    %assign/vec4 v0x6085b40ab120_0, 0;
    %pushi/vec4 0, 0, 8;
    %assign/vec4 v0x6085b40ab040_0, 0;
    %vpi_call 3 105 "$readmemh", "path_to_txt.txt", v0x6085b40ab780 {0 0 0};
    %jmp T_4.1;
T_4.0 ;
    %load/vec4 v0x6085b40ab3a0_0;
    %dup/vec4;
    %pushi/vec4 0, 0, 3;
    %cmp/u;
    %jmp/1 T_4.2, 6;
    %dup/vec4;
    %pushi/vec4 1, 0, 3;
    %cmp/u;
    %jmp/1 T_4.3, 6;
    %dup/vec4;
    %pushi/vec4 2, 0, 3;
    %cmp/u;
    %jmp/1 T_4.4, 6;
    %dup/vec4;
    %pushi/vec4 3, 0, 3;
    %cmp/u;
    %jmp/1 T_4.5, 6;
    %dup/vec4;
    %pushi/vec4 4, 0, 3;
    %cmp/u;
    %jmp/1 T_4.6, 6;
    %jmp T_4.7;
T_4.2 ;
    %pushi/vec4 0, 0, 3;
    %assign/vec4 v0x6085b40aae50_0, 0;
    %pushi/vec4 0, 0, 5;
    %assign/vec4 v0x6085b40ab120_0, 0;
    %pushi/vec4 0, 0, 1;
    %assign/vec4 v0x6085b40ab600_0, 0;
    %pushi/vec4 0, 0, 8;
    %assign/vec4 v0x6085b40ab040_0, 0;
    %jmp T_4.7;
T_4.3 ;
    %pushi/vec4 0, 0, 1;
    %assign/vec4 v0x6085b40ab600_0, 0;
    %load/vec4 v0x6085b40aae50_0;
    %addi 1, 0, 3;
    %assign/vec4 v0x6085b40aae50_0, 0;
    %load/vec4 v0x6085b40aae50_0;
    %pad/u 4;
    %ix/vec4 4;
    %load/vec4a v0x6085b40aaf30, 4;
    %assign/vec4 v0x6085b40ab040_0, 0;
    %jmp T_4.7;
T_4.4 ;
    %load/vec4 v0x6085b40ab120_0;
    %addi 1, 0, 5;
    %assign/vec4 v0x6085b40ab120_0, 0;
    %pushi/vec4 1, 0, 1;
    %assign/vec4 v0x6085b40ab600_0, 0;
    %load/vec4 v0x6085b40ab120_0;
    %pad/u 7;
    %ix/vec4 4;
    %load/vec4a v0x6085b40ab780, 4;
    %assign/vec4 v0x6085b40ab040_0, 0;
    %jmp T_4.7;
T_4.5 ;
    %pushi/vec4 0, 0, 5;
    %assign/vec4 v0x6085b40ab120_0, 0;
    %pushi/vec4 0, 0, 1;
    %assign/vec4 v0x6085b40ab600_0, 0;
    %pushi/vec4 192, 0, 8;
    %assign/vec4 v0x6085b40ab040_0, 0;
    %jmp T_4.7;
T_4.6 ;
    %load/vec4 v0x6085b40ab120_0;
    %addi 1, 0, 5;
    %assign/vec4 v0x6085b40ab120_0, 0;
    %pushi/vec4 1, 0, 1;
    %assign/vec4 v0x6085b40ab600_0, 0;
    %pushi/vec4 16, 0, 32;
    %load/vec4 v0x6085b40ab120_0;
    %pad/u 32;
    %add;
    %ix/vec4 4;
    %load/vec4a v0x6085b40ab780, 4;
    %assign/vec4 v0x6085b40ab040_0, 0;
    %jmp T_4.7;
T_4.7 ;
    %pop/vec4 1;
T_4.1 ;
    %jmp T_4;
    .thread T_4;
    .scope S_0x6085b408ed90;
T_5 ;
    %pushi/vec4 0, 0, 1;
    %store/vec4 v0x6085b40ab920_0, 0, 1;
    %pushi/vec4 1, 0, 1;
    %store/vec4 v0x6085b40aba80_0, 0, 1;
    %pushi/vec4 1, 0, 1;
    %store/vec4 v0x6085b40ab9e0_0, 0, 1;
    %delay 10000, 0;
    %pushi/vec4 0, 0, 1;
    %store/vec4 v0x6085b40aba80_0, 0, 1;
    %delay 10000, 0;
    %pushi/vec4 1, 0, 1;
    %store/vec4 v0x6085b40aba80_0, 0, 1;
    %end;
    .thread T_5;
    .scope S_0x6085b408ed90;
T_6 ;
    %delay 10000, 0;
    %load/vec4 v0x6085b40ab920_0;
    %inv;
    %store/vec4 v0x6085b40ab920_0, 0, 1;
    %jmp T_6;
    .thread T_6;
    .scope S_0x6085b408ed90;
T_7 ;
    %fork t_1, S_0x6085b408ef20;
    %jmp t_0;
    .scope S_0x6085b408ef20;
t_1 ;
    %vpi_call 2 26 "$dumpfile", "LCD1602_controller_TB.vcd" {0 0 0};
    %vpi_call 2 27 "$dumpvars", 32'sb11111111111111111111111111111111, S_0x6085b4046490 {0 0 0};
    %delay 100000000, 0;
    %vpi_call 2 28 "$finish" {0 0 0};
    %end;
    .scope S_0x6085b408ed90;
t_0 %join;
    %end;
    .thread T_7;
# The file index is used to find the file name in the following table.
:file_names 4;
    "N/A";
    "<interactive>";
    "lcd1602_TB.v";
    "/home/kaiser/Documentos/lab_4_lcd_jjrm/lab04-lcd-2025-i-g6-e2/Parte_1/lcd1602_text.v";
